[23:01:47] [main/INFO]: Environment: authHost='https://authserver.mojang.com', accountsHost='https://api.mojang.com', sessionHost='https://sessionserver.mojang.com', servicesHost='https://api.minecraftservices.com', name='PROD'
[23:01:48] [main/WARN]: Ambiguity between arguments [teleport, destination] and [teleport, targets] with inputs: [Player, 0123, @e, dd12be42-52a9-4a91-a8a1-11c01849e498]
[23:01:48] [main/WARN]: Ambiguity between arguments [teleport, location] and [teleport, destination] with inputs: [0.1 -0.5 .9, 0 0 0]
[23:01:48] [main/WARN]: Ambiguity between arguments [teleport, location] and [teleport, targets] with inputs: [0.1 -0.5 .9, 0 0 0]
[23:01:48] [main/WARN]: Ambiguity between arguments [teleport, targets] and [teleport, destination] with inputs: [Player, 0123, dd12be42-52a9-4a91-a8a1-11c01849e498]
[23:01:48] [main/WARN]: Ambiguity between arguments [teleport, targets, location] and [teleport, targets, destination] with inputs: [0.1 -0.5 .9, 0 0 0]
[23:01:48] [main/INFO]: Reloading ResourceManager: Default
[23:01:48] [Worker-Main-14/INFO]: Loaded 7 recipes
[23:01:49] [Worker-Main-14/INFO]: Loaded 927 advancements
[23:01:51] [Server thread/INFO]: Starting minecraft server version 1.16.4
[23:01:51] [Server thread/INFO]: Loading properties
[23:01:51] [Server thread/INFO]: Default game type: SURVIVAL
[23:01:51] [Server thread/INFO]: Generating keypair
[23:01:52] [Server thread/INFO]: Starting Minecraft server on *:25565
[23:01:52] [Server thread/INFO]: Using default channel type
[23:01:55] [Server thread/WARN]: **** SERVER IS RUNNING IN OFFLINE/INSECURE MODE!
[23:01:55] [Server thread/WARN]: The server will make no attempt to authenticate usernames. Beware.
[23:01:55] [Server thread/WARN]: While this makes the game possible to play without internet access, it also opens up the ability for hackers to connect with any username they choose.
[23:01:55] [Server thread/WARN]: To change this, set "online-mode" to "true" in the server.properties file.
[23:01:55] [Server thread/INFO]: Preparing level "world"
[23:01:55] [Server thread/INFO]: Preparing start region for dimension minecraft:overworld
[23:01:56] [Server thread/INFO]: Preparing spawn area: 0%
[23:01:56] [Server thread/INFO]: Preparing spawn area: 0%
[23:01:56] [Server thread/INFO]: Preparing spawn area: 0%
[23:01:56] [Server thread/INFO]: Preparing spawn area: 0%
[23:01:57] [Server thread/INFO]: Preparing spawn area: 0%
[23:01:57] [Server thread/INFO]: Preparing spawn area: 47%
[23:01:58] [Server thread/INFO]: Time elapsed: 3398 ms
[23:01:58] [Server thread/INFO]: Done (3.542s)! For help, type "help"
[23:03:41] [Server thread/INFO]: SLANG[/0:0:0:0:0:0:0:1:51588] logged in with entity id 143 at (14.908299158456838, 78.0, -249.88029484407747)
[23:03:41] [Server thread/INFO]: SLANG joined the game
[23:04:30] [Server thread/INFO]: LorDYamA[/0:0:0:0:0:0:0:1:51594] logged in with entity id 295 at (16.983243774566034, 71.0, -241.995972234369)
[23:04:30] [Server thread/INFO]: LorDYamA joined the game
[23:07:12] [Server thread/INFO]: SLANG was shot by Skeleton
[23:09:46] [Server thread/INFO]: SLANG lost connection: Disconnected
[23:09:46] [Server thread/INFO]: SLANG left the game
[23:11:24] [Server thread/INFO]: Kitty[/0:0:0:0:0:0:0:1:51678] logged in with entity id 1969 at (14.5, 74.0, -250.5)
[23:11:24] [Server thread/INFO]: Kitty joined the game
[23:16:31] [Server thread/INFO]: Kitty has made the advancement [Suit Up]
[23:17:09] [Server thread/WARN]: LorDYamA moved too quickly! 0.29368812534103483,-7.230527368912963,7.157700794012101
[23:22:25] [Server thread/INFO]: HumanExtreme[/127.0.0.1:51879] logged in with entity id 3461 at (-0.9761289020886796, 64.0, -257.0611917629958)
[23:22:25] [Server thread/INFO]: HumanExtreme joined the game
[23:25:05] [Server thread/INFO]: RaKun[/0:0:0:0:0:0:0:1:51893] logged in with entity id 3894 at (29.714396888741213, 68.0, -274.7684168131688)
[23:25:05] [Server thread/INFO]: RaKun joined the game
[23:25:12] [Server thread/INFO]: Kitty has made the advancement [Take Aim]
[23:25:23] [Server thread/INFO]: <RaKun> banchod gulo
[23:25:33] [Server thread/INFO]: <HumanExtreme> bolre
[23:25:35] [Server thread/INFO]: RaKun lost connection: Disconnected
[23:25:35] [Server thread/INFO]: RaKun left the game
[23:25:35] [Server thread/WARN]: handleDisconnection() called twice
[23:25:58] [Server thread/INFO]: HumanExtreme lost connection: Disconnected
[23:25:58] [Server thread/INFO]: HumanExtreme left the game
[23:26:09] [Server thread/INFO]: HumanExtreme[/0:0:0:0:0:0:0:1:51914] logged in with entity id 4062 at (11.447636725816173, 74.0, -253.43906208196512)
[23:26:09] [Server thread/INFO]: HumanExtreme joined the game
[23:34:49] [Server thread/INFO]: RaKun[/0:0:0:0:0:0:0:1:51951] logged in with entity id 5460 at (16.391538482522893, 71.0, -246.30650185309077)
[23:34:49] [Server thread/INFO]: RaKun joined the game
[23:35:57] [Server thread/INFO]: Kitty lost connection: Timed out
[23:35:57] [Server thread/INFO]: Kitty left the game
[23:36:10] [Server thread/INFO]: Kitty[/0:0:0:0:0:0:0:1:51963] logged in with entity id 5615 at (28.78131497020506, 75.0, -254.26961655798505)
[23:36:10] [Server thread/INFO]: Kitty joined the game
[23:36:34] [Server thread/INFO]: RaKun has made the advancement [Suit Up]
[23:38:10] [Server thread/INFO]: HumanExtreme lost connection: Timed out
[23:38:10] [Server thread/INFO]: HumanExtreme left the game
[23:38:11] [Server thread/INFO]: Kitty lost connection: Timed out
[23:38:11] [Server thread/INFO]: Kitty left the game
[23:38:11] [Server thread/INFO]: LorDYamA lost connection: Disconnected
[23:38:11] [Server thread/INFO]: LorDYamA left the game
[23:38:11] [Server thread/INFO]: RaKun lost connection: Disconnected
[23:38:11] [Server thread/INFO]: RaKun left the game
[23:38:22] [Server thread/INFO]: LorDYamA[/0:0:0:0:0:0:0:1:51977] logged in with entity id 5881 at (22.981625580960365, 71.0, -248.7611960604571)
[23:38:22] [Server thread/INFO]: LorDYamA joined the game
[23:38:22] [Server thread/INFO]: Kitty[/0:0:0:0:0:0:0:1:51978] logged in with entity id 5882 at (23.376614362020604, 71.0, -257.49752754743696)
[23:38:22] [Server thread/INFO]: Kitty joined the game
[23:38:31] [Server thread/INFO]: HumanExtreme[/0:0:0:0:0:0:0:1:51982] logged in with entity id 5905 at (57.8287864385499, 67.0, -249.36296219768747)
[23:38:31] [Server thread/INFO]: HumanExtreme joined the game
[23:38:37] [Server thread/INFO]: LorDYamA lost connection: Timed out
[23:38:37] [Server thread/INFO]: LorDYamA left the game
[23:38:37] [Server thread/INFO]: Kitty lost connection: Timed out
[23:38:37] [Server thread/INFO]: Kitty left the game
[23:38:46] [Server thread/INFO]: HumanExtreme lost connection: Timed out
[23:38:46] [Server thread/INFO]: HumanExtreme left the game
[23:38:54] [Server thread/INFO]: RaKun[/0:0:0:0:0:0:0:1:51987] logged in with entity id 5960 at (15.120323819262374, 71.0, -246.93583435925743)
[23:38:54] [Server thread/INFO]: RaKun joined the game
[23:38:56] [Server thread/INFO]: LorDYamA[/0:0:0:0:0:0:0:1:51988] logged in with entity id 5984 at (22.981625580960365, 71.0, -248.7611960604571)
[23:38:56] [Server thread/INFO]: LorDYamA joined the game
[23:39:02] [Server thread/INFO]: Kitty[/0:0:0:0:0:0:0:1:51991] logged in with entity id 6008 at (23.376614362020604, 71.0, -257.49752754743696)
[23:39:02] [Server thread/INFO]: Kitty joined the game
[23:39:11] [Server thread/INFO]: LorDYamA lost connection: Timed out
[23:39:11] [Server thread/INFO]: LorDYamA left the game
[23:39:21] [Server thread/INFO]: LorDYamA[/0:0:0:0:0:0:0:1:52090] logged in with entity id 6035 at (22.981625580960365, 71.0, -248.7611960604571)
[23:39:21] [Server thread/INFO]: LorDYamA joined the game
[23:39:50] [Server thread/INFO]: HumanExtreme[/0:0:0:0:0:0:0:1:58825] logged in with entity id 6093 at (57.8287864385499, 67.0, -249.36296219768747)
[23:39:50] [Server thread/INFO]: HumanExtreme joined the game
[23:43:28] [Server thread/WARN]: LorDYamA moved too quickly! 2.3034188038614225,0.0,-9.781911990807032
[23:43:36] [Server thread/INFO]: HumanExtreme lost connection: Timed out
[23:43:36] [Server thread/INFO]: HumanExtreme left the game
[23:43:36] [Server thread/INFO]: LorDYamA lost connection: Timed out
[23:43:36] [Server thread/INFO]: LorDYamA left the game
[23:43:46] [Server thread/INFO]: HumanExtreme[/0:0:0:0:0:0:0:1:58841] logged in with entity id 6799 at (14.567970744951413, 75.0, -240.64898831227126)
[23:43:46] [Server thread/INFO]: HumanExtreme joined the game
[23:43:48] [Server thread/INFO]: LorDYamA[/0:0:0:0:0:0:0:1:58842] logged in with entity id 6815 at (30.981553063659714, 71.0, -251.47748274627946)
[23:43:48] [Server thread/INFO]: LorDYamA joined the game
[23:44:01] [Server thread/INFO]: HumanExtreme lost connection: Timed out
[23:44:01] [Server thread/INFO]: HumanExtreme left the game
[23:44:08] [Server thread/INFO]: HumanExtreme[/0:0:0:0:0:0:0:1:58848] logged in with entity id 6850 at (17.00954755332483, 75.0, -240.595892154751)
[23:44:08] [Server thread/INFO]: HumanExtreme joined the game
[23:44:17] [Server thread/WARN]: LorDYamA moved too quickly! 9.75820292264764,0.0,-2.2445604597629085
[23:44:17] [Server thread/WARN]: RaKun moved too quickly! 0.6345277393514923,0.0,-10.09262678896809
[23:44:24] [Server thread/INFO]: HumanExtreme lost connection: Timed out
[23:44:24] [Server thread/INFO]: HumanExtreme left the game
[23:44:25] [Server thread/INFO]: RaKun lost connection: Timed out
[23:44:25] [Server thread/INFO]: RaKun left the game
[23:44:29] [Server thread/INFO]: Kitty lost connection: Disconnected
[23:44:29] [Server thread/INFO]: Kitty left the game
[23:44:29] [Server thread/INFO]: LorDYamA lost connection: Disconnected
[23:44:29] [Server thread/INFO]: LorDYamA left the game
[23:45:41] [Server thread/INFO]: LorDYamA[/0:0:0:0:0:0:0:1:58862] logged in with entity id 6891 at (22.288800032165998, 71.0, -247.17815189210245)
[23:45:41] [Server thread/INFO]: LorDYamA joined the game
[23:45:42] [Server thread/INFO]: RaKun[/0:0:0:0:0:0:0:1:58863] logged in with entity id 6892 at (13.903274082087165, 67.0, -219.1504524996651)
[23:45:42] [Server thread/INFO]: RaKun joined the game
[23:52:48] [Server thread/INFO]: RaKun drowned
[23:55:35] [Server thread/INFO]: RaKun drowned
[23:57:25] [Server thread/INFO]: Stopping the server
[23:57:25] [Server thread/INFO]: Stopping server
[23:57:25] [Server thread/INFO]: Saving players
[23:57:25] [Server thread/INFO]: Saving worlds
[23:57:25] [Server thread/INFO]: Saving chunks for level 'ServerLevel[world]'/minecraft:overworld
[23:57:26] [Server thread/INFO]: ThreadedAnvilChunkStorage (world): All chunks are saved
[23:57:26] [Server thread/INFO]: Saving chunks for level 'ServerLevel[world]'/minecraft:the_nether
[23:57:26] [Server thread/INFO]: ThreadedAnvilChunkStorage (DIM-1): All chunks are saved
[23:57:26] [Server thread/INFO]: Saving chunks for level 'ServerLevel[world]'/minecraft:the_end
[23:57:26] [Server thread/INFO]: ThreadedAnvilChunkStorage (DIM1): All chunks are saved
[23:57:26] [Server thread/INFO]: ThreadedAnvilChunkStorage (world): All chunks are saved
[23:57:26] [Server thread/INFO]: ThreadedAnvilChunkStorage (DIM-1): All chunks are saved
[23:57:26] [Server thread/INFO]: ThreadedAnvilChunkStorage (DIM1): All chunks are saved
